{"C:\\APRENDENDO\\ponto-certo-2.0\\back-end\\domain\\entities\\login.js": {"path":"C:\\APRENDENDO\\ponto-certo-2.0\\back-end\\domain\\entities\\login.js","statementMap":{"0":{"start":{"line":3,"column":14},"end":{"line":3,"column":34}},"1":{"start":{"line":4,"column":18},"end":{"line":4,"column":56}},"2":{"start":{"line":6,"column":14},"end":{"line":11,"column":33}},"3":{"start":{"line":13,"column":0},"end":{"line":15,"column":2}},"4":{"start":{"line":14,"column":2},"end":{"line":14,"column":64}},"5":{"start":{"line":17,"column":0},"end":{"line":20,"column":2}},"6":{"start":{"line":18,"column":18},"end":{"line":18,"column":69}},"7":{"start":{"line":19,"column":2},"end":{"line":19,"column":19}},"8":{"start":{"line":22,"column":0},"end":{"line":22,"column":23}}},"fnMap":{"0":{"name":"(anonymous_0)","decl":{"start":{"line":13,"column":25},"end":{"line":13,"column":26}},"loc":{"start":{"line":13,"column":54},"end":{"line":15,"column":1}},"line":13},"1":{"name":"(anonymous_1)","decl":{"start":{"line":17,"column":21},"end":{"line":17,"column":22}},"loc":{"start":{"line":17,"column":41},"end":{"line":20,"column":1}},"line":17}},"branchMap":{},"s":{"0":1,"1":1,"2":1,"3":1,"4":2,"5":1,"6":4,"7":4,"8":1},"f":{"0":2,"1":4},"b":{},"_coverageSchema":"1a1c01bbd47fc00a2c39e90264f33305004495a9","hash":"2abef1e90c075a0a1b7e8512e784e3e25ba8c856"}
,"C:\\APRENDENDO\\ponto-certo-2.0\\back-end\\domain\\entities\\user.js": {"path":"C:\\APRENDENDO\\ponto-certo-2.0\\back-end\\domain\\entities\\user.js","statementMap":{"0":{"start":{"line":3,"column":14},"end":{"line":3,"column":34}},"1":{"start":{"line":4,"column":18},"end":{"line":4,"column":56}},"2":{"start":{"line":5,"column":19},"end":{"line":5,"column":53}},"3":{"start":{"line":7,"column":25},"end":{"line":24,"column":33}},"4":{"start":{"line":26,"column":25},"end":{"line":42,"column":33}},"5":{"start":{"line":44,"column":33},"end":{"line":51,"column":33}},"6":{"start":{"line":53,"column":0},"end":{"line":82,"column":2}},"7":{"start":{"line":63,"column":14},"end":{"line":72,"column":3}},"8":{"start":{"line":74,"column":18},"end":{"line":74,"column":50}},"9":{"start":{"line":76,"column":2},"end":{"line":76,"column":40}},"10":{"start":{"line":76,"column":23},"end":{"line":76,"column":40}},"11":{"start":{"line":78,"column":2},"end":{"line":78,"column":39}},"12":{"start":{"line":79,"column":2},"end":{"line":79,"column":74}},"13":{"start":{"line":81,"column":2},"end":{"line":81,"column":19}},"14":{"start":{"line":84,"column":0},"end":{"line":90,"column":2}},"15":{"start":{"line":85,"column":18},"end":{"line":85,"column":57}},"16":{"start":{"line":87,"column":2},"end":{"line":87,"column":40}},"17":{"start":{"line":87,"column":23},"end":{"line":87,"column":40}},"18":{"start":{"line":89,"column":2},"end":{"line":89,"column":19}},"19":{"start":{"line":92,"column":0},"end":{"line":101,"column":2}},"20":{"start":{"line":93,"column":18},"end":{"line":93,"column":65}},"21":{"start":{"line":95,"column":2},"end":{"line":95,"column":40}},"22":{"start":{"line":95,"column":23},"end":{"line":95,"column":40}},"23":{"start":{"line":97,"column":2},"end":{"line":99,"column":4}},"24":{"start":{"line":100,"column":2},"end":{"line":100,"column":19}},"25":{"start":{"line":103,"column":0},"end":{"line":106,"column":2}}},"fnMap":{"0":{"name":"(anonymous_0)","decl":{"start":{"line":53,"column":23},"end":{"line":53,"column":24}},"loc":{"start":{"line":62,"column":5},"end":{"line":82,"column":1}},"line":62},"1":{"name":"(anonymous_1)","decl":{"start":{"line":84,"column":36},"end":{"line":84,"column":37}},"loc":{"start":{"line":84,"column":52},"end":{"line":90,"column":1}},"line":84},"2":{"name":"(anonymous_2)","decl":{"start":{"line":92,"column":34},"end":{"line":92,"column":35}},"loc":{"start":{"line":92,"column":50},"end":{"line":101,"column":1}},"line":92}},"branchMap":{"0":{"loc":{"start":{"line":76,"column":2},"end":{"line":76,"column":40}},"type":"if","locations":[{"start":{"line":76,"column":2},"end":{"line":76,"column":40}},{"start":{"line":76,"column":2},"end":{"line":76,"column":40}}],"line":76},"1":{"loc":{"start":{"line":87,"column":2},"end":{"line":87,"column":40}},"type":"if","locations":[{"start":{"line":87,"column":2},"end":{"line":87,"column":40}},{"start":{"line":87,"column":2},"end":{"line":87,"column":40}}],"line":87},"2":{"loc":{"start":{"line":95,"column":2},"end":{"line":95,"column":40}},"type":"if","locations":[{"start":{"line":95,"column":2},"end":{"line":95,"column":40}},{"start":{"line":95,"column":2},"end":{"line":95,"column":40}}],"line":95}},"s":{"0":1,"1":1,"2":1,"3":1,"4":1,"5":1,"6":1,"7":3,"8":3,"9":3,"10":1,"11":2,"12":2,"13":2,"14":1,"15":0,"16":0,"17":0,"18":0,"19":1,"20":1,"21":1,"22":0,"23":1,"24":1,"25":1},"f":{"0":3,"1":0,"2":1},"b":{"0":[1,2],"1":[0,0],"2":[0,1]},"_coverageSchema":"1a1c01bbd47fc00a2c39e90264f33305004495a9","hash":"3ad1321f5e938f5fcbd708a98dacc3e08fd6aa69"}
,"C:\\APRENDENDO\\ponto-certo-2.0\\back-end\\domain\\enums\\eAcessTypes.js": {"path":"C:\\APRENDENDO\\ponto-certo-2.0\\back-end\\domain\\enums\\eAcessTypes.js","statementMap":{"0":{"start":{"line":1,"column":0},"end":{"line":4,"column":2}}},"fnMap":{},"branchMap":{},"s":{"0":2},"f":{},"b":{},"_coverageSchema":"1a1c01bbd47fc00a2c39e90264f33305004495a9","hash":"2019fdd6e68c9078543df4123841ab93f1d71f54"}
,"C:\\APRENDENDO\\ponto-certo-2.0\\back-end\\domain\\httpResponses\\BasicResponse.js": {"path":"C:\\APRENDENDO\\ponto-certo-2.0\\back-end\\domain\\httpResponses\\BasicResponse.js","statementMap":{"0":{"start":{"line":1,"column":17},"end":{"line":14,"column":1}},"1":{"start":{"line":2,"column":2},"end":{"line":13,"column":8}},"2":{"start":{"line":16,"column":0},"end":{"line":16,"column":26}}},"fnMap":{"0":{"name":"(anonymous_0)","decl":{"start":{"line":1,"column":17},"end":{"line":1,"column":18}},"loc":{"start":{"line":1,"column":66},"end":{"line":14,"column":1}},"line":1}},"branchMap":{"0":{"loc":{"start":{"line":1,"column":35},"end":{"line":1,"column":48}},"type":"default-arg","locations":[{"start":{"line":1,"column":43},"end":{"line":1,"column":48}}],"line":1},"1":{"loc":{"start":{"line":1,"column":50},"end":{"line":1,"column":61}},"type":"default-arg","locations":[{"start":{"line":1,"column":57},"end":{"line":1,"column":61}}],"line":1},"2":{"loc":{"start":{"line":2,"column":9},"end":{"line":13,"column":7}},"type":"cond-expr","locations":[{"start":{"line":3,"column":6},"end":{"line":8,"column":7}},{"start":{"line":9,"column":6},"end":{"line":13,"column":7}}],"line":2}},"s":{"0":2,"1":16,"2":2},"f":{"0":16},"b":{"0":[5],"1":[16],"2":[0,16]},"_coverageSchema":"1a1c01bbd47fc00a2c39e90264f33305004495a9","hash":"387f7d7fb0141dd0bccd1d3ad10e573e466bc0cd"}
,"C:\\APRENDENDO\\ponto-certo-2.0\\back-end\\environment\\index.js": {"path":"C:\\APRENDENDO\\ponto-certo-2.0\\back-end\\environment\\index.js","statementMap":{"0":{"start":{"line":2,"column":13},"end":{"line":2,"column":28}},"1":{"start":{"line":3,"column":23},"end":{"line":3,"column":56}},"2":{"start":{"line":7,"column":21},"end":{"line":7,"column":41}},"3":{"start":{"line":9,"column":0},"end":{"line":28,"column":1}},"4":{"start":{"line":11,"column":4},"end":{"line":13,"column":7}},"5":{"start":{"line":14,"column":4},"end":{"line":14,"column":40}},"6":{"start":{"line":15,"column":4},"end":{"line":15,"column":58}},"7":{"start":{"line":16,"column":4},"end":{"line":16,"column":28}},"8":{"start":{"line":18,"column":4},"end":{"line":18,"column":10}},"9":{"start":{"line":21,"column":4},"end":{"line":23,"column":7}},"10":{"start":{"line":24,"column":4},"end":{"line":24,"column":40}},"11":{"start":{"line":25,"column":4},"end":{"line":25,"column":58}},"12":{"start":{"line":26,"column":4},"end":{"line":26,"column":28}},"13":{"start":{"line":27,"column":4},"end":{"line":27,"column":10}}},"fnMap":{},"branchMap":{"0":{"loc":{"start":{"line":9,"column":0},"end":{"line":28,"column":1}},"type":"switch","locations":[{"start":{"line":10,"column":2},"end":{"line":18,"column":10}},{"start":{"line":20,"column":2},"end":{"line":27,"column":10}}],"line":9}},"s":{"0":2,"1":2,"2":2,"3":2,"4":0,"5":0,"6":0,"7":0,"8":0,"9":2,"10":2,"11":2,"12":2,"13":2},"f":{},"b":{"0":[0,2]},"_coverageSchema":"1a1c01bbd47fc00a2c39e90264f33305004495a9","hash":"5ff0d73a05503c9c4fa908b5b34fab61321e8c6d"}
,"C:\\APRENDENDO\\ponto-certo-2.0\\back-end\\infra\\mapping\\mongo\\user.mapping.js": {"path":"C:\\APRENDENDO\\ponto-certo-2.0\\back-end\\infra\\mapping\\mongo\\user.mapping.js","statementMap":{"0":{"start":{"line":3,"column":17},"end":{"line":3,"column":36}},"1":{"start":{"line":4,"column":24},"end":{"line":4,"column":60}},"2":{"start":{"line":6,"column":19},"end":{"line":6,"column":63}},"3":{"start":{"line":8,"column":19},"end":{"line":55,"column":2}},"4":{"start":{"line":57,"column":0},"end":{"line":57,"column":35}},"5":{"start":{"line":58,"column":0},"end":{"line":58,"column":52}}},"fnMap":{},"branchMap":{},"s":{"0":2,"1":2,"2":2,"3":2,"4":2,"5":2},"f":{},"b":{},"_coverageSchema":"1a1c01bbd47fc00a2c39e90264f33305004495a9","hash":"9939a9a250884cf8add1fba54d71768e3ad5736c"}
,"C:\\APRENDENDO\\ponto-certo-2.0\\back-end\\infra\\repository\\generic.repository.js": {"path":"C:\\APRENDENDO\\ponto-certo-2.0\\back-end\\infra\\repository\\generic.repository.js","statementMap":{"0":{"start":{"line":1,"column":17},"end":{"line":1,"column":36}},"1":{"start":{"line":3,"column":0},"end":{"line":38,"column":2}},"2":{"start":{"line":4,"column":2},"end":{"line":37,"column":4}},"3":{"start":{"line":6,"column":21},"end":{"line":6,"column":48}},"4":{"start":{"line":7,"column":6},"end":{"line":7,"column":22}},"5":{"start":{"line":10,"column":21},"end":{"line":10,"column":42}},"6":{"start":{"line":11,"column":6},"end":{"line":11,"column":22}},"7":{"start":{"line":14,"column":21},"end":{"line":17,"column":8}},"8":{"start":{"line":18,"column":6},"end":{"line":18,"column":22}},"9":{"start":{"line":21,"column":21},"end":{"line":21,"column":47}},"10":{"start":{"line":22,"column":6},"end":{"line":22,"column":22}},"11":{"start":{"line":25,"column":21},"end":{"line":28,"column":7}},"12":{"start":{"line":29,"column":6},"end":{"line":29,"column":22}},"13":{"start":{"line":32,"column":21},"end":{"line":34,"column":8}},"14":{"start":{"line":35,"column":6},"end":{"line":35,"column":22}}},"fnMap":{"0":{"name":"(anonymous_0)","decl":{"start":{"line":3,"column":17},"end":{"line":3,"column":18}},"loc":{"start":{"line":3,"column":29},"end":{"line":38,"column":1}},"line":3},"1":{"name":"(anonymous_1)","decl":{"start":{"line":5,"column":4},"end":{"line":5,"column":5}},"loc":{"start":{"line":5,"column":23},"end":{"line":8,"column":5}},"line":5},"2":{"name":"(anonymous_2)","decl":{"start":{"line":9,"column":4},"end":{"line":9,"column":5}},"loc":{"start":{"line":9,"column":19},"end":{"line":12,"column":5}},"line":9},"3":{"name":"(anonymous_3)","decl":{"start":{"line":13,"column":4},"end":{"line":13,"column":5}},"loc":{"start":{"line":13,"column":22},"end":{"line":19,"column":5}},"line":13},"4":{"name":"(anonymous_4)","decl":{"start":{"line":20,"column":4},"end":{"line":20,"column":5}},"loc":{"start":{"line":20,"column":26},"end":{"line":23,"column":5}},"line":20},"5":{"name":"(anonymous_5)","decl":{"start":{"line":24,"column":4},"end":{"line":24,"column":5}},"loc":{"start":{"line":24,"column":27},"end":{"line":30,"column":5}},"line":24},"6":{"name":"(anonymous_6)","decl":{"start":{"line":31,"column":4},"end":{"line":31,"column":5}},"loc":{"start":{"line":31,"column":25},"end":{"line":36,"column":5}},"line":31}},"branchMap":{},"s":{"0":2,"1":2,"2":2,"3":0,"4":0,"5":0,"6":0,"7":0,"8":0,"9":0,"10":0,"11":0,"12":0,"13":0,"14":0},"f":{"0":2,"1":0,"2":0,"3":0,"4":0,"5":0,"6":0},"b":{},"_coverageSchema":"1a1c01bbd47fc00a2c39e90264f33305004495a9","hash":"7c64f06e41841f530d59cfdb9c74344ec07651ca"}
,"C:\\APRENDENDO\\ponto-certo-2.0\\back-end\\infra\\repository\\user.repository.js": {"path":"C:\\APRENDENDO\\ponto-certo-2.0\\back-end\\infra\\repository\\user.repository.js","statementMap":{"0":{"start":{"line":1,"column":20},"end":{"line":1,"column":60}},"1":{"start":{"line":2,"column":26},"end":{"line":4,"column":1}},"2":{"start":{"line":6,"column":0},"end":{"line":27,"column":2}},"3":{"start":{"line":10,"column":16},"end":{"line":13,"column":26}},"4":{"start":{"line":14,"column":4},"end":{"line":14,"column":17}},"5":{"start":{"line":17,"column":16},"end":{"line":17,"column":74}},"6":{"start":{"line":18,"column":4},"end":{"line":18,"column":17}},"7":{"start":{"line":21,"column":16},"end":{"line":24,"column":26}},"8":{"start":{"line":25,"column":4},"end":{"line":25,"column":17}}},"fnMap":{"0":{"name":"(anonymous_0)","decl":{"start":{"line":9,"column":2},"end":{"line":9,"column":3}},"loc":{"start":{"line":9,"column":31},"end":{"line":15,"column":3}},"line":9},"1":{"name":"(anonymous_1)","decl":{"start":{"line":16,"column":2},"end":{"line":16,"column":3}},"loc":{"start":{"line":16,"column":26},"end":{"line":19,"column":3}},"line":16},"2":{"name":"(anonymous_2)","decl":{"start":{"line":20,"column":2},"end":{"line":20,"column":3}},"loc":{"start":{"line":20,"column":37},"end":{"line":26,"column":3}},"line":20}},"branchMap":{},"s":{"0":2,"1":2,"2":2,"3":0,"4":0,"5":0,"6":0,"7":0,"8":0},"f":{"0":0,"1":0,"2":0},"b":{},"_coverageSchema":"1a1c01bbd47fc00a2c39e90264f33305004495a9","hash":"209f6118d62f6bc5eedb485a41b3091f01fa2aa0"}
,"C:\\APRENDENDO\\ponto-certo-2.0\\back-end\\services\\login.service.js": {"path":"C:\\APRENDENDO\\ponto-certo-2.0\\back-end\\services\\login.service.js","statementMap":{"0":{"start":{"line":1,"column":14},"end":{"line":1,"column":49}},"1":{"start":{"line":2,"column":17},"end":{"line":2,"column":65}},"2":{"start":{"line":3,"column":23},"end":{"line":3,"column":69}},"3":{"start":{"line":4,"column":12},"end":{"line":4,"column":36}},"4":{"start":{"line":5,"column":16},"end":{"line":33,"column":1}},"5":{"start":{"line":6,"column":2},"end":{"line":32,"column":4}},"6":{"start":{"line":8,"column":18},"end":{"line":8,"column":53}},"7":{"start":{"line":9,"column":6},"end":{"line":9,"column":71}},"8":{"start":{"line":9,"column":23},"end":{"line":9,"column":71}},"9":{"start":{"line":11,"column":19},"end":{"line":11,"column":76}},"10":{"start":{"line":13,"column":6},"end":{"line":14,"column":62}},"11":{"start":{"line":14,"column":8},"end":{"line":14,"column":62}},"12":{"start":{"line":16,"column":28},"end":{"line":19,"column":7}},"13":{"start":{"line":21,"column":6},"end":{"line":22,"column":67}},"14":{"start":{"line":22,"column":8},"end":{"line":22,"column":67}},"15":{"start":{"line":24,"column":20},"end":{"line":28,"column":7}},"16":{"start":{"line":30,"column":6},"end":{"line":30,"column":71}},"17":{"start":{"line":35,"column":0},"end":{"line":38,"column":2}}},"fnMap":{"0":{"name":"(anonymous_0)","decl":{"start":{"line":5,"column":16},"end":{"line":5,"column":17}},"loc":{"start":{"line":5,"column":30},"end":{"line":33,"column":1}},"line":5},"1":{"name":"(anonymous_1)","decl":{"start":{"line":7,"column":4},"end":{"line":7,"column":5}},"loc":{"start":{"line":7,"column":43},"end":{"line":31,"column":5}},"line":7}},"branchMap":{"0":{"loc":{"start":{"line":9,"column":6},"end":{"line":9,"column":71}},"type":"if","locations":[{"start":{"line":9,"column":6},"end":{"line":9,"column":71}},{"start":{"line":9,"column":6},"end":{"line":9,"column":71}}],"line":9},"1":{"loc":{"start":{"line":13,"column":6},"end":{"line":14,"column":62}},"type":"if","locations":[{"start":{"line":13,"column":6},"end":{"line":14,"column":62}},{"start":{"line":13,"column":6},"end":{"line":14,"column":62}}],"line":13},"2":{"loc":{"start":{"line":13,"column":10},"end":{"line":13,"column":44}},"type":"binary-expr","locations":[{"start":{"line":13,"column":10},"end":{"line":13,"column":15}},{"start":{"line":13,"column":19},"end":{"line":13,"column":44}}],"line":13},"3":{"loc":{"start":{"line":21,"column":6},"end":{"line":22,"column":67}},"type":"if","locations":[{"start":{"line":21,"column":6},"end":{"line":22,"column":67}},{"start":{"line":21,"column":6},"end":{"line":22,"column":67}}],"line":21}},"s":{"0":1,"1":1,"2":1,"3":1,"4":1,"5":5,"6":4,"7":4,"8":1,"9":3,"10":3,"11":1,"12":2,"13":2,"14":1,"15":1,"16":1,"17":1},"f":{"0":5,"1":4},"b":{"0":[1,3],"1":[1,2],"2":[3,2],"3":[1,1]},"_coverageSchema":"1a1c01bbd47fc00a2c39e90264f33305004495a9","hash":"2c0623b702bbeab131ccd3afe6f2c50424e9b230"}
,"C:\\APRENDENDO\\ponto-certo-2.0\\back-end\\services\\user.service.js": {"path":"C:\\APRENDENDO\\ponto-certo-2.0\\back-end\\services\\user.service.js","statementMap":{"0":{"start":{"line":1,"column":17},"end":{"line":1,"column":65}},"1":{"start":{"line":2,"column":25},"end":{"line":2,"column":76}},"2":{"start":{"line":3,"column":25},"end":{"line":3,"column":76}},"3":{"start":{"line":4,"column":23},"end":{"line":4,"column":69}},"4":{"start":{"line":5,"column":16},"end":{"line":5,"column":35}},"5":{"start":{"line":7,"column":16},"end":{"line":99,"column":1}},"6":{"start":{"line":8,"column":2},"end":{"line":98,"column":4}},"7":{"start":{"line":10,"column":18},"end":{"line":19,"column":7}},"8":{"start":{"line":21,"column":6},"end":{"line":21,"column":71}},"9":{"start":{"line":21,"column":23},"end":{"line":21,"column":71}},"10":{"start":{"line":23,"column":27},"end":{"line":23,"column":73}},"11":{"start":{"line":25,"column":6},"end":{"line":26,"column":69}},"12":{"start":{"line":26,"column":8},"end":{"line":26,"column":69}},"13":{"start":{"line":28,"column":25},"end":{"line":28,"column":61}},"14":{"start":{"line":30,"column":6},"end":{"line":30,"column":41}},"15":{"start":{"line":34,"column":18},"end":{"line":34,"column":49}},"16":{"start":{"line":36,"column":6},"end":{"line":36,"column":71}},"17":{"start":{"line":36,"column":23},"end":{"line":36,"column":71}},"18":{"start":{"line":38,"column":22},"end":{"line":38,"column":61}},"19":{"start":{"line":40,"column":6},"end":{"line":40,"column":110}},"20":{"start":{"line":40,"column":56},"end":{"line":40,"column":110}},"21":{"start":{"line":42,"column":6},"end":{"line":47,"column":7}},"22":{"start":{"line":43,"column":36},"end":{"line":43,"column":75}},"23":{"start":{"line":45,"column":8},"end":{"line":46,"column":71}},"24":{"start":{"line":46,"column":10},"end":{"line":46,"column":71}},"25":{"start":{"line":49,"column":27},"end":{"line":52,"column":7}},"26":{"start":{"line":54,"column":6},"end":{"line":54,"column":48}},"27":{"start":{"line":57,"column":24},"end":{"line":57,"column":52}},"28":{"start":{"line":59,"column":6},"end":{"line":59,"column":110}},"29":{"start":{"line":59,"column":56},"end":{"line":59,"column":110}},"30":{"start":{"line":61,"column":6},"end":{"line":61,"column":45}},"31":{"start":{"line":64,"column":6},"end":{"line":64,"column":74}},"32":{"start":{"line":64,"column":27},"end":{"line":64,"column":74}},"33":{"start":{"line":66,"column":24},"end":{"line":66,"column":58}},"34":{"start":{"line":68,"column":6},"end":{"line":68,"column":76}},"35":{"start":{"line":68,"column":22},"end":{"line":68,"column":76}},"36":{"start":{"line":70,"column":6},"end":{"line":70,"column":45}},"37":{"start":{"line":73,"column":24},"end":{"line":73,"column":49}},"38":{"start":{"line":74,"column":6},"end":{"line":75,"column":63}},"39":{"start":{"line":75,"column":8},"end":{"line":75,"column":63}},"40":{"start":{"line":76,"column":6},"end":{"line":76,"column":38}},"41":{"start":{"line":79,"column":24},"end":{"line":79,"column":63}},"42":{"start":{"line":81,"column":6},"end":{"line":81,"column":76}},"43":{"start":{"line":81,"column":22},"end":{"line":81,"column":76}},"44":{"start":{"line":83,"column":18},"end":{"line":86,"column":8}},"45":{"start":{"line":88,"column":6},"end":{"line":88,"column":71}},"46":{"start":{"line":88,"column":23},"end":{"line":88,"column":71}},"47":{"start":{"line":90,"column":27},"end":{"line":90,"column":67}},"48":{"start":{"line":92,"column":6},"end":{"line":92,"column":41}},"49":{"start":{"line":95,"column":24},"end":{"line":95,"column":55}},"50":{"start":{"line":96,"column":6},"end":{"line":96,"column":38}},"51":{"start":{"line":101,"column":0},"end":{"line":104,"column":2}}},"fnMap":{"0":{"name":"(anonymous_0)","decl":{"start":{"line":7,"column":16},"end":{"line":7,"column":17}},"loc":{"start":{"line":7,"column":30},"end":{"line":99,"column":1}},"line":7},"1":{"name":"(anonymous_1)","decl":{"start":{"line":9,"column":4},"end":{"line":9,"column":5}},"loc":{"start":{"line":9,"column":23},"end":{"line":31,"column":5}},"line":9},"2":{"name":"(anonymous_2)","decl":{"start":{"line":32,"column":4},"end":{"line":32,"column":5}},"loc":{"start":{"line":32,"column":27},"end":{"line":55,"column":5}},"line":32},"3":{"name":"(anonymous_3)","decl":{"start":{"line":56,"column":4},"end":{"line":56,"column":5}},"loc":{"start":{"line":56,"column":22},"end":{"line":62,"column":5}},"line":56},"4":{"name":"(anonymous_4)","decl":{"start":{"line":63,"column":4},"end":{"line":63,"column":5}},"loc":{"start":{"line":63,"column":28},"end":{"line":71,"column":5}},"line":63},"5":{"name":"(anonymous_5)","decl":{"start":{"line":72,"column":4},"end":{"line":72,"column":5}},"loc":{"start":{"line":72,"column":19},"end":{"line":77,"column":5}},"line":72},"6":{"name":"(anonymous_6)","decl":{"start":{"line":78,"column":4},"end":{"line":78,"column":5}},"loc":{"start":{"line":78,"column":48},"end":{"line":93,"column":5}},"line":78},"7":{"name":"(anonymous_7)","decl":{"start":{"line":94,"column":4},"end":{"line":94,"column":5}},"loc":{"start":{"line":94,"column":21},"end":{"line":97,"column":5}},"line":94}},"branchMap":{"0":{"loc":{"start":{"line":21,"column":6},"end":{"line":21,"column":71}},"type":"if","locations":[{"start":{"line":21,"column":6},"end":{"line":21,"column":71}},{"start":{"line":21,"column":6},"end":{"line":21,"column":71}}],"line":21},"1":{"loc":{"start":{"line":25,"column":6},"end":{"line":26,"column":69}},"type":"if","locations":[{"start":{"line":25,"column":6},"end":{"line":26,"column":69}},{"start":{"line":25,"column":6},"end":{"line":26,"column":69}}],"line":25},"2":{"loc":{"start":{"line":36,"column":6},"end":{"line":36,"column":71}},"type":"if","locations":[{"start":{"line":36,"column":6},"end":{"line":36,"column":71}},{"start":{"line":36,"column":6},"end":{"line":36,"column":71}}],"line":36},"3":{"loc":{"start":{"line":40,"column":6},"end":{"line":40,"column":110}},"type":"if","locations":[{"start":{"line":40,"column":6},"end":{"line":40,"column":110}},{"start":{"line":40,"column":6},"end":{"line":40,"column":110}}],"line":40},"4":{"loc":{"start":{"line":40,"column":10},"end":{"line":40,"column":54}},"type":"binary-expr","locations":[{"start":{"line":40,"column":10},"end":{"line":40,"column":20}},{"start":{"line":40,"column":24},"end":{"line":40,"column":54}}],"line":40},"5":{"loc":{"start":{"line":42,"column":6},"end":{"line":47,"column":7}},"type":"if","locations":[{"start":{"line":42,"column":6},"end":{"line":47,"column":7}},{"start":{"line":42,"column":6},"end":{"line":47,"column":7}}],"line":42},"6":{"loc":{"start":{"line":45,"column":8},"end":{"line":46,"column":71}},"type":"if","locations":[{"start":{"line":45,"column":8},"end":{"line":46,"column":71}},{"start":{"line":45,"column":8},"end":{"line":46,"column":71}}],"line":45},"7":{"loc":{"start":{"line":59,"column":6},"end":{"line":59,"column":110}},"type":"if","locations":[{"start":{"line":59,"column":6},"end":{"line":59,"column":110}},{"start":{"line":59,"column":6},"end":{"line":59,"column":110}}],"line":59},"8":{"loc":{"start":{"line":59,"column":10},"end":{"line":59,"column":54}},"type":"binary-expr","locations":[{"start":{"line":59,"column":10},"end":{"line":59,"column":20}},{"start":{"line":59,"column":24},"end":{"line":59,"column":54}}],"line":59},"9":{"loc":{"start":{"line":64,"column":6},"end":{"line":64,"column":74}},"type":"if","locations":[{"start":{"line":64,"column":6},"end":{"line":64,"column":74}},{"start":{"line":64,"column":6},"end":{"line":64,"column":74}}],"line":64},"10":{"loc":{"start":{"line":68,"column":6},"end":{"line":68,"column":76}},"type":"if","locations":[{"start":{"line":68,"column":6},"end":{"line":68,"column":76}},{"start":{"line":68,"column":6},"end":{"line":68,"column":76}}],"line":68},"11":{"loc":{"start":{"line":74,"column":6},"end":{"line":75,"column":63}},"type":"if","locations":[{"start":{"line":74,"column":6},"end":{"line":75,"column":63}},{"start":{"line":74,"column":6},"end":{"line":75,"column":63}}],"line":74},"12":{"loc":{"start":{"line":81,"column":6},"end":{"line":81,"column":76}},"type":"if","locations":[{"start":{"line":81,"column":6},"end":{"line":81,"column":76}},{"start":{"line":81,"column":6},"end":{"line":81,"column":76}}],"line":81},"13":{"loc":{"start":{"line":88,"column":6},"end":{"line":88,"column":71}},"type":"if","locations":[{"start":{"line":88,"column":6},"end":{"line":88,"column":71}},{"start":{"line":88,"column":6},"end":{"line":88,"column":71}}],"line":88}},"s":{"0":1,"1":1,"2":1,"3":1,"4":1,"5":1,"6":13,"7":3,"8":3,"9":1,"10":2,"11":2,"12":1,"13":1,"14":1,"15":3,"16":3,"17":1,"18":2,"19":2,"20":1,"21":1,"22":0,"23":0,"24":0,"25":1,"26":1,"27":2,"28":2,"29":1,"30":1,"31":0,"32":0,"33":0,"34":0,"35":0,"36":0,"37":2,"38":2,"39":1,"40":1,"41":1,"42":1,"43":0,"44":1,"45":1,"46":0,"47":1,"48":1,"49":1,"50":1,"51":1},"f":{"0":13,"1":3,"2":3,"3":2,"4":0,"5":2,"6":1,"7":1},"b":{"0":[1,2],"1":[1,1],"2":[1,2],"3":[1,1],"4":[2,2],"5":[0,1],"6":[0,0],"7":[1,1],"8":[2,2],"9":[0,0],"10":[0,0],"11":[1,1],"12":[0,1],"13":[0,1]},"_coverageSchema":"1a1c01bbd47fc00a2c39e90264f33305004495a9","hash":"348e00f28fa077957c284c2a75457afdccc88de4"}
,"C:\\APRENDENDO\\ponto-certo-2.0\\back-end\\shared\\JWT\\index.js": {"path":"C:\\APRENDENDO\\ponto-certo-2.0\\back-end\\shared\\JWT\\index.js","statementMap":{"0":{"start":{"line":2,"column":12},"end":{"line":2,"column":35}},"1":{"start":{"line":3,"column":17},"end":{"line":3,"column":68}},"2":{"start":{"line":5,"column":22},"end":{"line":24,"column":1}},"3":{"start":{"line":6,"column":2},"end":{"line":6,"column":64}},"4":{"start":{"line":6,"column":14},"end":{"line":6,"column":64}},"5":{"start":{"line":8,"column":2},"end":{"line":9,"column":54}},"6":{"start":{"line":9,"column":4},"end":{"line":9,"column":54}},"7":{"start":{"line":11,"column":14},"end":{"line":11,"column":49}},"8":{"start":{"line":13,"column":2},"end":{"line":23,"column":3}},"9":{"start":{"line":14,"column":18},"end":{"line":14,"column":49}},"10":{"start":{"line":15,"column":4},"end":{"line":15,"column":41}},"11":{"start":{"line":17,"column":4},"end":{"line":18,"column":59}},"12":{"start":{"line":18,"column":6},"end":{"line":18,"column":59}},"13":{"start":{"line":19,"column":4},"end":{"line":20,"column":67}},"14":{"start":{"line":20,"column":6},"end":{"line":20,"column":67}},"15":{"start":{"line":22,"column":4},"end":{"line":22,"column":54}},"16":{"start":{"line":26,"column":22},"end":{"line":30,"column":1}},"17":{"start":{"line":27,"column":14},"end":{"line":27,"column":65}},"18":{"start":{"line":29,"column":2},"end":{"line":29,"column":15}},"19":{"start":{"line":32,"column":0},"end":{"line":35,"column":2}}},"fnMap":{"0":{"name":"(anonymous_0)","decl":{"start":{"line":5,"column":22},"end":{"line":5,"column":23}},"loc":{"start":{"line":5,"column":47},"end":{"line":24,"column":1}},"line":5},"1":{"name":"(anonymous_1)","decl":{"start":{"line":26,"column":22},"end":{"line":26,"column":23}},"loc":{"start":{"line":26,"column":47},"end":{"line":30,"column":1}},"line":26}},"branchMap":{"0":{"loc":{"start":{"line":6,"column":2},"end":{"line":6,"column":64}},"type":"if","locations":[{"start":{"line":6,"column":2},"end":{"line":6,"column":64}},{"start":{"line":6,"column":2},"end":{"line":6,"column":64}}],"line":6},"1":{"loc":{"start":{"line":8,"column":2},"end":{"line":9,"column":54}},"type":"if","locations":[{"start":{"line":8,"column":2},"end":{"line":9,"column":54}},{"start":{"line":8,"column":2},"end":{"line":9,"column":54}}],"line":8},"2":{"loc":{"start":{"line":8,"column":6},"end":{"line":8,"column":64}},"type":"binary-expr","locations":[{"start":{"line":8,"column":6},"end":{"line":8,"column":33}},{"start":{"line":8,"column":37},"end":{"line":8,"column":64}}],"line":8},"3":{"loc":{"start":{"line":17,"column":4},"end":{"line":18,"column":59}},"type":"if","locations":[{"start":{"line":17,"column":4},"end":{"line":18,"column":59}},{"start":{"line":17,"column":4},"end":{"line":18,"column":59}}],"line":17},"4":{"loc":{"start":{"line":19,"column":4},"end":{"line":20,"column":67}},"type":"if","locations":[{"start":{"line":19,"column":4},"end":{"line":20,"column":67}},{"start":{"line":19,"column":4},"end":{"line":20,"column":67}}],"line":19}},"s":{"0":1,"1":1,"2":1,"3":0,"4":0,"5":0,"6":0,"7":0,"8":0,"9":0,"10":0,"11":0,"12":0,"13":0,"14":0,"15":0,"16":1,"17":1,"18":1,"19":1},"f":{"0":0,"1":1},"b":{"0":[0,0],"1":[0,0],"2":[0,0],"3":[0,0],"4":[0,0]},"_coverageSchema":"1a1c01bbd47fc00a2c39e90264f33305004495a9","hash":"1c8b3a5c16c3268dab1df4a8fe1f4177722a9e77"}
,"C:\\APRENDENDO\\ponto-certo-2.0\\back-end\\shared\\PasswordHash\\index.js": {"path":"C:\\APRENDENDO\\ponto-certo-2.0\\back-end\\shared\\PasswordHash\\index.js","statementMap":{"0":{"start":{"line":1,"column":15},"end":{"line":1,"column":32}},"1":{"start":{"line":3,"column":0},"end":{"line":14,"column":3}},"2":{"start":{"line":3,"column":39},"end":{"line":14,"column":1}},"3":{"start":{"line":5,"column":4},"end":{"line":5,"column":49}},"4":{"start":{"line":8,"column":4},"end":{"line":8,"column":46}},"5":{"start":{"line":11,"column":13},"end":{"line":11,"column":52}},"6":{"start":{"line":12,"column":4},"end":{"line":12,"column":48}}},"fnMap":{"0":{"name":"(anonymous_0)","decl":{"start":{"line":3,"column":17},"end":{"line":3,"column":18}},"loc":{"start":{"line":3,"column":39},"end":{"line":14,"column":1}},"line":3},"1":{"name":"(anonymous_1)","decl":{"start":{"line":4,"column":22},"end":{"line":4,"column":23}},"loc":{"start":{"line":4,"column":34},"end":{"line":6,"column":3}},"line":4},"2":{"name":"(anonymous_2)","decl":{"start":{"line":7,"column":23},"end":{"line":7,"column":24}},"loc":{"start":{"line":7,"column":43},"end":{"line":9,"column":3}},"line":7},"3":{"name":"(anonymous_3)","decl":{"start":{"line":10,"column":19},"end":{"line":10,"column":20}},"loc":{"start":{"line":10,"column":47},"end":{"line":13,"column":3}},"line":10}},"branchMap":{"0":{"loc":{"start":{"line":3,"column":18},"end":{"line":3,"column":33}},"type":"default-arg","locations":[{"start":{"line":3,"column":31},"end":{"line":3,"column":33}}],"line":3}},"s":{"0":2,"1":2,"2":2,"3":3,"4":2,"5":0,"6":0},"f":{"0":2,"1":3,"2":2,"3":0},"b":{"0":[2]},"_coverageSchema":"1a1c01bbd47fc00a2c39e90264f33305004495a9","hash":"11d2e4f3315a2170402f5d89820dc708c8263bc9"}
}
