{"C:\\APRENDENDO\\ponto-certo-2.0\\back-end\\domain\\entities\\login.js": {"path":"C:\\APRENDENDO\\ponto-certo-2.0\\back-end\\domain\\entities\\login.js","statementMap":{"0":{"start":{"line":3,"column":14},"end":{"line":3,"column":34}},"1":{"start":{"line":4,"column":18},"end":{"line":4,"column":56}},"2":{"start":{"line":6,"column":14},"end":{"line":11,"column":33}},"3":{"start":{"line":13,"column":0},"end":{"line":15,"column":2}},"4":{"start":{"line":14,"column":2},"end":{"line":14,"column":64}},"5":{"start":{"line":17,"column":0},"end":{"line":20,"column":2}},"6":{"start":{"line":18,"column":18},"end":{"line":18,"column":69}},"7":{"start":{"line":19,"column":2},"end":{"line":19,"column":19}},"8":{"start":{"line":22,"column":0},"end":{"line":22,"column":23}}},"fnMap":{"0":{"name":"(anonymous_0)","decl":{"start":{"line":13,"column":25},"end":{"line":13,"column":26}},"loc":{"start":{"line":13,"column":54},"end":{"line":15,"column":1}},"line":13},"1":{"name":"(anonymous_1)","decl":{"start":{"line":17,"column":21},"end":{"line":17,"column":22}},"loc":{"start":{"line":17,"column":41},"end":{"line":20,"column":1}},"line":17}},"branchMap":{},"s":{"0":1,"1":1,"2":1,"3":1,"4":2,"5":1,"6":3,"7":3,"8":1},"f":{"0":2,"1":3},"b":{},"_coverageSchema":"1a1c01bbd47fc00a2c39e90264f33305004495a9","hash":"2abef1e90c075a0a1b7e8512e784e3e25ba8c856"}
,"C:\\APRENDENDO\\ponto-certo-2.0\\back-end\\domain\\enums\\eAcessTypes.js": {"path":"C:\\APRENDENDO\\ponto-certo-2.0\\back-end\\domain\\enums\\eAcessTypes.js","statementMap":{"0":{"start":{"line":1,"column":0},"end":{"line":4,"column":2}}},"fnMap":{},"branchMap":{},"s":{"0":1},"f":{},"b":{},"_coverageSchema":"1a1c01bbd47fc00a2c39e90264f33305004495a9","hash":"2019fdd6e68c9078543df4123841ab93f1d71f54"}
,"C:\\APRENDENDO\\ponto-certo-2.0\\back-end\\domain\\httpResponses\\BasicResponse.js": {"path":"C:\\APRENDENDO\\ponto-certo-2.0\\back-end\\domain\\httpResponses\\BasicResponse.js","statementMap":{"0":{"start":{"line":1,"column":17},"end":{"line":14,"column":1}},"1":{"start":{"line":2,"column":2},"end":{"line":13,"column":8}},"2":{"start":{"line":16,"column":0},"end":{"line":16,"column":26}}},"fnMap":{"0":{"name":"(anonymous_0)","decl":{"start":{"line":1,"column":17},"end":{"line":1,"column":18}},"loc":{"start":{"line":1,"column":66},"end":{"line":14,"column":1}},"line":1}},"branchMap":{"0":{"loc":{"start":{"line":1,"column":35},"end":{"line":1,"column":48}},"type":"default-arg","locations":[{"start":{"line":1,"column":43},"end":{"line":1,"column":48}}],"line":1},"1":{"loc":{"start":{"line":1,"column":50},"end":{"line":1,"column":61}},"type":"default-arg","locations":[{"start":{"line":1,"column":57},"end":{"line":1,"column":61}}],"line":1},"2":{"loc":{"start":{"line":2,"column":9},"end":{"line":13,"column":7}},"type":"cond-expr","locations":[{"start":{"line":3,"column":6},"end":{"line":8,"column":7}},{"start":{"line":9,"column":6},"end":{"line":13,"column":7}}],"line":2}},"s":{"0":1,"1":3,"2":1},"f":{"0":3},"b":{"0":[1],"1":[3],"2":[0,3]},"_coverageSchema":"1a1c01bbd47fc00a2c39e90264f33305004495a9","hash":"387f7d7fb0141dd0bccd1d3ad10e573e466bc0cd"}
,"C:\\APRENDENDO\\ponto-certo-2.0\\back-end\\environment\\index.js": {"path":"C:\\APRENDENDO\\ponto-certo-2.0\\back-end\\environment\\index.js","statementMap":{"0":{"start":{"line":2,"column":13},"end":{"line":2,"column":28}},"1":{"start":{"line":3,"column":23},"end":{"line":3,"column":56}},"2":{"start":{"line":7,"column":21},"end":{"line":7,"column":41}},"3":{"start":{"line":9,"column":0},"end":{"line":28,"column":1}},"4":{"start":{"line":11,"column":4},"end":{"line":13,"column":7}},"5":{"start":{"line":14,"column":4},"end":{"line":14,"column":40}},"6":{"start":{"line":15,"column":4},"end":{"line":15,"column":58}},"7":{"start":{"line":16,"column":4},"end":{"line":16,"column":28}},"8":{"start":{"line":18,"column":4},"end":{"line":18,"column":10}},"9":{"start":{"line":21,"column":4},"end":{"line":23,"column":7}},"10":{"start":{"line":24,"column":4},"end":{"line":24,"column":40}},"11":{"start":{"line":25,"column":4},"end":{"line":25,"column":58}},"12":{"start":{"line":26,"column":4},"end":{"line":26,"column":28}},"13":{"start":{"line":27,"column":4},"end":{"line":27,"column":10}}},"fnMap":{},"branchMap":{"0":{"loc":{"start":{"line":9,"column":0},"end":{"line":28,"column":1}},"type":"switch","locations":[{"start":{"line":10,"column":2},"end":{"line":18,"column":10}},{"start":{"line":20,"column":2},"end":{"line":27,"column":10}}],"line":9}},"s":{"0":1,"1":1,"2":1,"3":1,"4":0,"5":0,"6":0,"7":0,"8":0,"9":1,"10":1,"11":1,"12":1,"13":1},"f":{},"b":{"0":[0,1]},"_coverageSchema":"1a1c01bbd47fc00a2c39e90264f33305004495a9","hash":"5ff0d73a05503c9c4fa908b5b34fab61321e8c6d"}
,"C:\\APRENDENDO\\ponto-certo-2.0\\back-end\\infra\\mapping\\mongo\\user.mapping.js": {"path":"C:\\APRENDENDO\\ponto-certo-2.0\\back-end\\infra\\mapping\\mongo\\user.mapping.js","statementMap":{"0":{"start":{"line":3,"column":17},"end":{"line":3,"column":36}},"1":{"start":{"line":4,"column":24},"end":{"line":4,"column":60}},"2":{"start":{"line":6,"column":19},"end":{"line":6,"column":63}},"3":{"start":{"line":8,"column":19},"end":{"line":55,"column":2}},"4":{"start":{"line":57,"column":0},"end":{"line":57,"column":35}},"5":{"start":{"line":58,"column":0},"end":{"line":58,"column":52}}},"fnMap":{},"branchMap":{},"s":{"0":1,"1":1,"2":1,"3":1,"4":1,"5":1},"f":{},"b":{},"_coverageSchema":"1a1c01bbd47fc00a2c39e90264f33305004495a9","hash":"9939a9a250884cf8add1fba54d71768e3ad5736c"}
,"C:\\APRENDENDO\\ponto-certo-2.0\\back-end\\infra\\repository\\generic.repository.js": {"path":"C:\\APRENDENDO\\ponto-certo-2.0\\back-end\\infra\\repository\\generic.repository.js","statementMap":{"0":{"start":{"line":1,"column":17},"end":{"line":1,"column":36}},"1":{"start":{"line":3,"column":0},"end":{"line":38,"column":2}},"2":{"start":{"line":4,"column":2},"end":{"line":37,"column":4}},"3":{"start":{"line":6,"column":21},"end":{"line":6,"column":48}},"4":{"start":{"line":7,"column":6},"end":{"line":7,"column":22}},"5":{"start":{"line":10,"column":21},"end":{"line":10,"column":42}},"6":{"start":{"line":11,"column":6},"end":{"line":11,"column":22}},"7":{"start":{"line":14,"column":21},"end":{"line":17,"column":8}},"8":{"start":{"line":18,"column":6},"end":{"line":18,"column":22}},"9":{"start":{"line":21,"column":21},"end":{"line":21,"column":47}},"10":{"start":{"line":22,"column":6},"end":{"line":22,"column":22}},"11":{"start":{"line":25,"column":21},"end":{"line":28,"column":7}},"12":{"start":{"line":29,"column":6},"end":{"line":29,"column":22}},"13":{"start":{"line":32,"column":21},"end":{"line":34,"column":8}},"14":{"start":{"line":35,"column":6},"end":{"line":35,"column":22}}},"fnMap":{"0":{"name":"(anonymous_0)","decl":{"start":{"line":3,"column":17},"end":{"line":3,"column":18}},"loc":{"start":{"line":3,"column":29},"end":{"line":38,"column":1}},"line":3},"1":{"name":"(anonymous_1)","decl":{"start":{"line":5,"column":4},"end":{"line":5,"column":5}},"loc":{"start":{"line":5,"column":23},"end":{"line":8,"column":5}},"line":5},"2":{"name":"(anonymous_2)","decl":{"start":{"line":9,"column":4},"end":{"line":9,"column":5}},"loc":{"start":{"line":9,"column":19},"end":{"line":12,"column":5}},"line":9},"3":{"name":"(anonymous_3)","decl":{"start":{"line":13,"column":4},"end":{"line":13,"column":5}},"loc":{"start":{"line":13,"column":22},"end":{"line":19,"column":5}},"line":13},"4":{"name":"(anonymous_4)","decl":{"start":{"line":20,"column":4},"end":{"line":20,"column":5}},"loc":{"start":{"line":20,"column":26},"end":{"line":23,"column":5}},"line":20},"5":{"name":"(anonymous_5)","decl":{"start":{"line":24,"column":4},"end":{"line":24,"column":5}},"loc":{"start":{"line":24,"column":27},"end":{"line":30,"column":5}},"line":24},"6":{"name":"(anonymous_6)","decl":{"start":{"line":31,"column":4},"end":{"line":31,"column":5}},"loc":{"start":{"line":31,"column":25},"end":{"line":36,"column":5}},"line":31}},"branchMap":{},"s":{"0":1,"1":1,"2":1,"3":0,"4":0,"5":0,"6":0,"7":0,"8":0,"9":0,"10":0,"11":0,"12":0,"13":0,"14":0},"f":{"0":1,"1":0,"2":0,"3":0,"4":0,"5":0,"6":0},"b":{},"_coverageSchema":"1a1c01bbd47fc00a2c39e90264f33305004495a9","hash":"7c64f06e41841f530d59cfdb9c74344ec07651ca"}
,"C:\\APRENDENDO\\ponto-certo-2.0\\back-end\\infra\\repository\\user.repository.js": {"path":"C:\\APRENDENDO\\ponto-certo-2.0\\back-end\\infra\\repository\\user.repository.js","statementMap":{"0":{"start":{"line":1,"column":20},"end":{"line":1,"column":60}},"1":{"start":{"line":2,"column":26},"end":{"line":4,"column":1}},"2":{"start":{"line":6,"column":0},"end":{"line":27,"column":2}},"3":{"start":{"line":10,"column":16},"end":{"line":13,"column":26}},"4":{"start":{"line":14,"column":4},"end":{"line":14,"column":17}},"5":{"start":{"line":17,"column":16},"end":{"line":17,"column":74}},"6":{"start":{"line":18,"column":4},"end":{"line":18,"column":17}},"7":{"start":{"line":21,"column":16},"end":{"line":24,"column":26}},"8":{"start":{"line":25,"column":4},"end":{"line":25,"column":17}}},"fnMap":{"0":{"name":"(anonymous_0)","decl":{"start":{"line":9,"column":2},"end":{"line":9,"column":3}},"loc":{"start":{"line":9,"column":31},"end":{"line":15,"column":3}},"line":9},"1":{"name":"(anonymous_1)","decl":{"start":{"line":16,"column":2},"end":{"line":16,"column":3}},"loc":{"start":{"line":16,"column":26},"end":{"line":19,"column":3}},"line":16},"2":{"name":"(anonymous_2)","decl":{"start":{"line":20,"column":2},"end":{"line":20,"column":3}},"loc":{"start":{"line":20,"column":37},"end":{"line":26,"column":3}},"line":20}},"branchMap":{},"s":{"0":1,"1":1,"2":1,"3":0,"4":0,"5":0,"6":0,"7":0,"8":0},"f":{"0":0,"1":0,"2":0},"b":{},"_coverageSchema":"1a1c01bbd47fc00a2c39e90264f33305004495a9","hash":"209f6118d62f6bc5eedb485a41b3091f01fa2aa0"}
,"C:\\APRENDENDO\\ponto-certo-2.0\\back-end\\services\\login.service.js": {"path":"C:\\APRENDENDO\\ponto-certo-2.0\\back-end\\services\\login.service.js","statementMap":{"0":{"start":{"line":1,"column":14},"end":{"line":1,"column":49}},"1":{"start":{"line":2,"column":17},"end":{"line":2,"column":65}},"2":{"start":{"line":3,"column":23},"end":{"line":3,"column":69}},"3":{"start":{"line":4,"column":12},"end":{"line":4,"column":36}},"4":{"start":{"line":5,"column":16},"end":{"line":32,"column":1}},"5":{"start":{"line":6,"column":2},"end":{"line":31,"column":4}},"6":{"start":{"line":8,"column":18},"end":{"line":8,"column":53}},"7":{"start":{"line":9,"column":6},"end":{"line":9,"column":71}},"8":{"start":{"line":9,"column":23},"end":{"line":9,"column":71}},"9":{"start":{"line":11,"column":19},"end":{"line":11,"column":76}},"10":{"start":{"line":13,"column":6},"end":{"line":13,"column":71}},"11":{"start":{"line":13,"column":17},"end":{"line":13,"column":71}},"12":{"start":{"line":15,"column":28},"end":{"line":18,"column":7}},"13":{"start":{"line":20,"column":6},"end":{"line":21,"column":67}},"14":{"start":{"line":21,"column":8},"end":{"line":21,"column":67}},"15":{"start":{"line":23,"column":20},"end":{"line":27,"column":7}},"16":{"start":{"line":29,"column":6},"end":{"line":29,"column":55}},"17":{"start":{"line":34,"column":0},"end":{"line":37,"column":2}}},"fnMap":{"0":{"name":"(anonymous_0)","decl":{"start":{"line":5,"column":16},"end":{"line":5,"column":17}},"loc":{"start":{"line":5,"column":30},"end":{"line":32,"column":1}},"line":5},"1":{"name":"(anonymous_1)","decl":{"start":{"line":7,"column":4},"end":{"line":7,"column":5}},"loc":{"start":{"line":7,"column":43},"end":{"line":30,"column":5}},"line":7}},"branchMap":{"0":{"loc":{"start":{"line":9,"column":6},"end":{"line":9,"column":71}},"type":"if","locations":[{"start":{"line":9,"column":6},"end":{"line":9,"column":71}},{"start":{"line":9,"column":6},"end":{"line":9,"column":71}}],"line":9},"1":{"loc":{"start":{"line":13,"column":6},"end":{"line":13,"column":71}},"type":"if","locations":[{"start":{"line":13,"column":6},"end":{"line":13,"column":71}},{"start":{"line":13,"column":6},"end":{"line":13,"column":71}}],"line":13},"2":{"loc":{"start":{"line":20,"column":6},"end":{"line":21,"column":67}},"type":"if","locations":[{"start":{"line":20,"column":6},"end":{"line":21,"column":67}},{"start":{"line":20,"column":6},"end":{"line":21,"column":67}}],"line":20}},"s":{"0":1,"1":1,"2":1,"3":1,"4":1,"5":4,"6":3,"7":3,"8":1,"9":2,"10":2,"11":0,"12":2,"13":2,"14":1,"15":1,"16":1,"17":1},"f":{"0":4,"1":3},"b":{"0":[1,2],"1":[0,2],"2":[1,1]},"_coverageSchema":"1a1c01bbd47fc00a2c39e90264f33305004495a9","hash":"24e121d7dc41508e4565609a79bb6f5a35029d55"}
,"C:\\APRENDENDO\\ponto-certo-2.0\\back-end\\shared\\JWT\\index.js": {"path":"C:\\APRENDENDO\\ponto-certo-2.0\\back-end\\shared\\JWT\\index.js","statementMap":{"0":{"start":{"line":2,"column":12},"end":{"line":2,"column":35}},"1":{"start":{"line":3,"column":17},"end":{"line":3,"column":68}},"2":{"start":{"line":5,"column":22},"end":{"line":24,"column":1}},"3":{"start":{"line":6,"column":2},"end":{"line":6,"column":64}},"4":{"start":{"line":6,"column":14},"end":{"line":6,"column":64}},"5":{"start":{"line":8,"column":2},"end":{"line":9,"column":54}},"6":{"start":{"line":9,"column":4},"end":{"line":9,"column":54}},"7":{"start":{"line":11,"column":14},"end":{"line":11,"column":49}},"8":{"start":{"line":13,"column":2},"end":{"line":23,"column":3}},"9":{"start":{"line":14,"column":18},"end":{"line":14,"column":49}},"10":{"start":{"line":15,"column":4},"end":{"line":15,"column":41}},"11":{"start":{"line":17,"column":4},"end":{"line":18,"column":59}},"12":{"start":{"line":18,"column":6},"end":{"line":18,"column":59}},"13":{"start":{"line":19,"column":4},"end":{"line":20,"column":67}},"14":{"start":{"line":20,"column":6},"end":{"line":20,"column":67}},"15":{"start":{"line":22,"column":4},"end":{"line":22,"column":54}},"16":{"start":{"line":26,"column":22},"end":{"line":30,"column":1}},"17":{"start":{"line":27,"column":14},"end":{"line":27,"column":65}},"18":{"start":{"line":29,"column":2},"end":{"line":29,"column":15}},"19":{"start":{"line":32,"column":0},"end":{"line":35,"column":2}}},"fnMap":{"0":{"name":"(anonymous_0)","decl":{"start":{"line":5,"column":22},"end":{"line":5,"column":23}},"loc":{"start":{"line":5,"column":47},"end":{"line":24,"column":1}},"line":5},"1":{"name":"(anonymous_1)","decl":{"start":{"line":26,"column":22},"end":{"line":26,"column":23}},"loc":{"start":{"line":26,"column":47},"end":{"line":30,"column":1}},"line":26}},"branchMap":{"0":{"loc":{"start":{"line":6,"column":2},"end":{"line":6,"column":64}},"type":"if","locations":[{"start":{"line":6,"column":2},"end":{"line":6,"column":64}},{"start":{"line":6,"column":2},"end":{"line":6,"column":64}}],"line":6},"1":{"loc":{"start":{"line":8,"column":2},"end":{"line":9,"column":54}},"type":"if","locations":[{"start":{"line":8,"column":2},"end":{"line":9,"column":54}},{"start":{"line":8,"column":2},"end":{"line":9,"column":54}}],"line":8},"2":{"loc":{"start":{"line":8,"column":6},"end":{"line":8,"column":64}},"type":"binary-expr","locations":[{"start":{"line":8,"column":6},"end":{"line":8,"column":33}},{"start":{"line":8,"column":37},"end":{"line":8,"column":64}}],"line":8},"3":{"loc":{"start":{"line":17,"column":4},"end":{"line":18,"column":59}},"type":"if","locations":[{"start":{"line":17,"column":4},"end":{"line":18,"column":59}},{"start":{"line":17,"column":4},"end":{"line":18,"column":59}}],"line":17},"4":{"loc":{"start":{"line":19,"column":4},"end":{"line":20,"column":67}},"type":"if","locations":[{"start":{"line":19,"column":4},"end":{"line":20,"column":67}},{"start":{"line":19,"column":4},"end":{"line":20,"column":67}}],"line":19}},"s":{"0":1,"1":1,"2":1,"3":0,"4":0,"5":0,"6":0,"7":0,"8":0,"9":0,"10":0,"11":0,"12":0,"13":0,"14":0,"15":0,"16":1,"17":1,"18":1,"19":1},"f":{"0":0,"1":1},"b":{"0":[0,0],"1":[0,0],"2":[0,0],"3":[0,0],"4":[0,0]},"_coverageSchema":"1a1c01bbd47fc00a2c39e90264f33305004495a9","hash":"1c8b3a5c16c3268dab1df4a8fe1f4177722a9e77"}
,"C:\\APRENDENDO\\ponto-certo-2.0\\back-end\\shared\\PasswordHash\\index.js": {"path":"C:\\APRENDENDO\\ponto-certo-2.0\\back-end\\shared\\PasswordHash\\index.js","statementMap":{"0":{"start":{"line":1,"column":15},"end":{"line":1,"column":32}},"1":{"start":{"line":3,"column":0},"end":{"line":14,"column":3}},"2":{"start":{"line":3,"column":39},"end":{"line":14,"column":1}},"3":{"start":{"line":5,"column":4},"end":{"line":5,"column":49}},"4":{"start":{"line":8,"column":4},"end":{"line":8,"column":46}},"5":{"start":{"line":11,"column":13},"end":{"line":11,"column":52}},"6":{"start":{"line":12,"column":4},"end":{"line":12,"column":48}}},"fnMap":{"0":{"name":"(anonymous_0)","decl":{"start":{"line":3,"column":17},"end":{"line":3,"column":18}},"loc":{"start":{"line":3,"column":39},"end":{"line":14,"column":1}},"line":3},"1":{"name":"(anonymous_1)","decl":{"start":{"line":4,"column":22},"end":{"line":4,"column":23}},"loc":{"start":{"line":4,"column":34},"end":{"line":6,"column":3}},"line":4},"2":{"name":"(anonymous_2)","decl":{"start":{"line":7,"column":23},"end":{"line":7,"column":24}},"loc":{"start":{"line":7,"column":43},"end":{"line":9,"column":3}},"line":7},"3":{"name":"(anonymous_3)","decl":{"start":{"line":10,"column":19},"end":{"line":10,"column":20}},"loc":{"start":{"line":10,"column":47},"end":{"line":13,"column":3}},"line":10}},"branchMap":{"0":{"loc":{"start":{"line":3,"column":18},"end":{"line":3,"column":33}},"type":"default-arg","locations":[{"start":{"line":3,"column":31},"end":{"line":3,"column":33}}],"line":3}},"s":{"0":1,"1":1,"2":1,"3":0,"4":2,"5":0,"6":0},"f":{"0":1,"1":0,"2":2,"3":0},"b":{"0":[1]},"_coverageSchema":"1a1c01bbd47fc00a2c39e90264f33305004495a9","hash":"11d2e4f3315a2170402f5d89820dc708c8263bc9"}
}
