TN:
SF:domain\entities\login.js
FN:13,(anonymous_0)
FN:17,(anonymous_1)
FNF:2
FNH:2
FNDA:2,(anonymous_0)
FNDA:4,(anonymous_1)
DA:3,1
DA:4,1
DA:6,1
DA:13,1
DA:14,2
DA:17,1
DA:18,4
DA:19,4
LF:8
LH:8
BRF:0
BRH:0
end_of_record
TN:
SF:domain\entities\schedule.js
FN:18,(anonymous_0)
FN:31,(anonymous_1)
FNF:2
FNH:2
FNDA:2,(anonymous_0)
FNDA:2,(anonymous_1)
DA:3,1
DA:5,1
DA:18,1
DA:19,2
DA:26,2
DA:28,2
DA:31,1
DA:32,2
DA:34,2
DA:36,1
DA:38,1
LF:11
LH:11
BRDA:34,0,0,1
BRDA:34,0,1,1
BRF:2
BRH:2
end_of_record
TN:
SF:domain\entities\user.js
FN:54,(anonymous_0)
FN:76,(anonymous_1)
FN:84,(anonymous_2)
FNF:3
FNH:3
FNDA:3,(anonymous_0)
FNDA:4,(anonymous_1)
FNDA:2,(anonymous_2)
DA:3,1
DA:4,1
DA:5,1
DA:7,1
DA:26,1
DA:44,1
DA:54,1
DA:55,3
DA:66,3
DA:68,3
DA:70,2
DA:71,2
DA:73,2
DA:76,1
DA:77,4
DA:79,4
DA:81,3
DA:84,1
DA:85,2
DA:90,2
DA:92,1
DA:95,1
LF:22
LH:22
BRDA:68,0,0,1
BRDA:68,0,1,2
BRDA:79,1,0,1
BRDA:79,1,1,3
BRDA:90,2,0,1
BRDA:90,2,1,1
BRF:6
BRH:6
end_of_record
TN:
SF:domain\enums\eAcessTypes.js
FNF:0
FNH:0
DA:1,2
LF:1
LH:1
BRF:0
BRH:0
end_of_record
TN:
SF:domain\httpResponses\BasicResponse.js
FN:1,(anonymous_0)
FNF:1
FNH:1
FNDA:38,(anonymous_0)
DA:1,4
DA:2,38
DA:16,4
LF:3
LH:3
BRDA:1,0,0,7
BRDA:1,1,0,38
BRDA:2,2,0,0
BRDA:2,2,1,38
BRF:4
BRH:3
end_of_record
TN:
SF:services\login.service.js
FN:5,(anonymous_0)
FN:7,(anonymous_1)
FNF:2
FNH:2
FNDA:5,(anonymous_0)
FNDA:4,(anonymous_1)
DA:1,1
DA:2,1
DA:3,1
DA:4,1
DA:5,1
DA:6,5
DA:8,4
DA:9,4
DA:11,3
DA:13,3
DA:14,1
DA:16,2
DA:21,2
DA:22,1
DA:24,1
DA:30,1
DA:35,1
LF:17
LH:17
BRDA:9,0,0,1
BRDA:9,0,1,3
BRDA:13,1,0,1
BRDA:13,1,1,2
BRDA:13,2,0,3
BRDA:13,2,1,2
BRDA:21,3,0,1
BRDA:21,3,1,1
BRF:8
BRH:8
end_of_record
TN:
SF:services\schedule.service.js
FN:4,(anonymous_0)
FN:6,(anonymous_1)
FN:15,(anonymous_2)
FN:39,(anonymous_3)
FN:46,(anonymous_4)
FN:54,(anonymous_5)
FNF:6
FNH:6
FNDA:11,(anonymous_0)
FNDA:2,(anonymous_1)
FNDA:3,(anonymous_2)
FNDA:2,(anonymous_3)
FNDA:2,(anonymous_4)
FNDA:1,(anonymous_5)
DA:1,1
DA:2,1
DA:3,1
DA:4,1
DA:5,11
DA:7,2
DA:9,2
DA:11,1
DA:13,1
DA:16,3
DA:18,3
DA:19,1
DA:21,2
DA:23,2
DA:24,2
DA:25,2
DA:26,2
DA:28,2
DA:30,2
DA:32,1
DA:37,1
DA:40,2
DA:42,2
DA:44,1
DA:47,2
DA:49,2
DA:50,1
DA:52,1
DA:55,1
DA:56,1
DA:61,1
LF:31
LH:31
BRDA:9,0,0,1
BRDA:9,0,1,1
BRDA:18,1,0,1
BRDA:18,1,1,2
BRDA:18,2,0,3
BRDA:18,2,1,3
BRDA:30,3,0,1
BRDA:30,3,1,1
BRDA:42,4,0,1
BRDA:42,4,1,1
BRDA:42,5,0,2
BRDA:42,5,1,2
BRDA:49,6,0,1
BRDA:49,6,1,1
BRF:14
BRH:14
end_of_record
TN:
SF:services\user.service.js
FN:6,(anonymous_0)
FN:8,(anonymous_1)
FN:24,(anonymous_2)
FN:50,(anonymous_3)
FN:59,(anonymous_4)
FN:70,(anonymous_5)
FN:78,(anonymous_6)
FN:96,(anonymous_7)
FNF:8
FNH:8
FNDA:19,(anonymous_0)
FNDA:3,(anonymous_1)
FNDA:4,(anonymous_2)
FNDA:2,(anonymous_3)
FNDA:3,(anonymous_4)
FNDA:2,(anonymous_5)
FNDA:3,(anonymous_6)
FNDA:1,(anonymous_7)
DA:1,1
DA:2,1
DA:3,1
DA:4,1
DA:6,1
DA:7,19
DA:9,3
DA:11,3
DA:13,2
DA:15,2
DA:16,1
DA:18,1
DA:20,1
DA:26,4
DA:28,4
DA:30,3
DA:32,3
DA:34,2
DA:35,1
DA:37,1
DA:38,1
DA:41,1
DA:46,1
DA:51,2
DA:53,2
DA:55,1
DA:60,3
DA:62,2
DA:64,2
DA:66,1
DA:71,2
DA:72,2
DA:73,1
DA:74,1
DA:79,3
DA:81,3
DA:83,2
DA:88,2
DA:90,1
DA:92,1
DA:97,1
DA:98,1
DA:103,1
LF:43
LH:43
BRDA:11,0,0,1
BRDA:11,0,1,2
BRDA:15,1,0,1
BRDA:15,1,1,1
BRDA:28,2,0,1
BRDA:28,2,1,3
BRDA:32,3,0,1
BRDA:32,3,1,2
BRDA:32,4,0,3
BRDA:32,4,1,3
BRDA:34,5,0,1
BRDA:34,5,1,1
BRDA:37,6,0,1
BRDA:37,6,1,0
BRDA:53,7,0,1
BRDA:53,7,1,1
BRDA:53,8,0,2
BRDA:53,8,1,2
BRDA:60,9,0,1
BRDA:60,9,1,2
BRDA:64,10,0,1
BRDA:64,10,1,1
BRDA:64,11,0,2
BRDA:64,11,1,2
BRDA:72,12,0,1
BRDA:72,12,1,1
BRDA:81,13,0,1
BRDA:81,13,1,2
BRDA:81,14,0,3
BRDA:81,14,1,2
BRDA:88,15,0,1
BRDA:88,15,1,1
BRF:32
BRH:31
end_of_record
TN:
SF:shared\JWT\index.js
FN:5,(anonymous_0)
FN:27,(anonymous_1)
FNF:2
FNH:2
FNDA:6,(anonymous_0)
FNDA:7,(anonymous_1)
DA:2,2
DA:3,2
DA:5,2
DA:6,6
DA:8,5
DA:10,5
DA:11,2
DA:14,3
DA:15,3
DA:16,1
DA:18,2
DA:19,1
DA:20,1
DA:21,1
DA:23,0
DA:27,2
DA:28,7
DA:30,7
DA:33,2
LF:19
LH:18
BRDA:6,0,0,1
BRDA:6,0,1,5
BRDA:10,1,0,2
BRDA:10,1,1,3
BRDA:18,2,0,1
BRDA:18,2,1,1
BRDA:20,3,0,1
BRDA:20,3,1,0
BRF:8
BRH:7
end_of_record
TN:
SF:shared\PasswordHash\index.js
FN:3,(anonymous_0)
FN:4,(anonymous_1)
FN:7,(anonymous_2)
FNF:3
FNH:3
FNDA:2,(anonymous_0)
FNDA:3,(anonymous_1)
FNDA:2,(anonymous_2)
DA:1,2
DA:3,2
DA:5,3
DA:8,2
LF:4
LH:4
BRDA:3,0,0,2
BRF:1
BRH:1
end_of_record
